<?xml version="1.0" encoding="UTF-8"?>
<!-- Generated by org.testng.reporters.JUnitReportReporter -->
<testsuite hostname="Sharad" failures="0" tests="1" name="QualityKiosksTraining.RestAssuredexample.SimpleGetTest" time="29.085" errors="0" timestamp="2021-06-07T11:25:38 IST" skipped="0">
  <testcase classname="QualityKiosksTraining.RestAssuredexample.SimpleGetTest" name="GetWeatherDetails" time="29.085"/>
  <system-out/>
</testsuite> <!-- QualityKiosksTraining.RestAssuredexample.SimpleGetTest -->
